Mon 29 Apr 2024 15:40:23 INFO  ['run2.py']
Mon 29 Apr 2024 15:40:23 INFO  
General Hyper Parameters:
gpu_id = 0
use_gpu = True
seed = 2020
state = INFO
reproducibility = True
data_path = dataset/kgrec-music
checkpoint_dir = saved
show_progress = True
save_dataset = False
dataset_save_path = None
save_dataloaders = False
dataloaders_save_path = None
log_wandb = False

Training Hyper Parameters:
epochs = 2
train_batch_size = 2048
learner = adam
learning_rate = 0.01
train_neg_sample_args = {'distribution': 'uniform', 'sample_num': 1, 'alpha': 1.0, 'dynamic': False, 'candidate_num': 0}
eval_step = 1
stopping_step = 10
clip_grad_norm = None
weight_decay = 0.0
loss_decimal_place = 4

Evaluation Hyper Parameters:
eval_args = {'split': {'RS': [0.8, 0.1, 0.1]}, 'order': 'RO', 'group_by': 'user', 'mode': {'valid': 'full', 'test': 'full'}}
repeatable = False
metrics = ['Recall', 'MRR', 'NDCG', 'Hit', 'Precision']
topk = [10]
valid_metric = MRR@10
valid_metric_bigger = True
eval_batch_size = 4096
metric_decimal_place = 4

Dataset Hyper Parameters:
field_separator = 	
seq_separator =  
USER_ID_FIELD = user_id
ITEM_ID_FIELD = item_id
RATING_FIELD = rating
TIME_FIELD = timestamp
seq_len = None
LABEL_FIELD = label
threshold = None
NEG_PREFIX = neg_
load_col = {'inter': ['user_id', 'item_id']}
unload_col = None
unused_col = None
additional_feat_suffix = None
rm_dup_inter = None
val_interval = None
filter_inter_by_user_or_item = True
user_inter_num_interval = [0,inf)
item_inter_num_interval = [0,inf)
alias_of_user_id = None
alias_of_item_id = None
alias_of_entity_id = None
alias_of_relation_id = None
preload_weight = None
normalize_field = None
normalize_all = None
ITEM_LIST_LENGTH_FIELD = item_length
LIST_SUFFIX = _list
MAX_ITEM_LIST_LENGTH = 50
POSITION_FIELD = position_id
HEAD_ENTITY_ID_FIELD = head_id
TAIL_ENTITY_ID_FIELD = tail_id
RELATION_ID_FIELD = relation_id
ENTITY_ID_FIELD = entity_id
benchmark_filename = None

Other Hyper Parameters: 
worker = 0
wandb_project = recbole
shuffle = True
require_pow = False
enable_amp = False
enable_scaler = False
transform = None
embedding_size = 64
numerical_features = []
discretization = None
kg_reverse_r = False
entity_kg_num_interval = [0,inf)
relation_kg_num_interval = [0,inf)
MODEL_TYPE = ModelType.GENERAL
neg_sampling = {'uniform': 1}
MODEL_INPUT_TYPE = InputType.PAIRWISE
eval_type = EvaluatorType.RANKING
single_spec = True
local_rank = 0
device = cpu
valid_neg_sample_args = {'distribution': 'uniform', 'sample_num': 'none'}
test_neg_sample_args = {'distribution': 'uniform', 'sample_num': 'none'}


Mon 29 Apr 2024 15:40:24 INFO  kgrec-music
The number of users: 5200
Average actions of users: 144.55299095979996
The number of items: 8641
Average actions of items: 86.98275462962962
The number of inters: 751531
The sparsity of the dataset: 98.32744830103354%
Remain Fields: ['user_id', 'item_id']
Mon 29 Apr 2024 15:40:25 INFO  [Training]: train_batch_size = [2048] train_neg_sample_args: [{'distribution': 'uniform', 'sample_num': 1, 'alpha': 1.0, 'dynamic': False, 'candidate_num': 0}]
Mon 29 Apr 2024 15:40:25 INFO  [Evaluation]: eval_batch_size = [4096] eval_args: [{'split': {'RS': [0.8, 0.1, 0.1]}, 'order': 'RO', 'group_by': 'user', 'mode': {'valid': 'full', 'test': 'full'}}]
Mon 29 Apr 2024 15:40:25 INFO  BPR(
  (user_embedding): Embedding(5200, 64)
  (item_embedding): Embedding(8641, 64)
  (loss): BPRLoss()
)
Trainable parameters: 885824
Mon 29 Apr 2024 15:40:25 INFO  FLOPs: 128.0
Mon 29 Apr 2024 15:40:27 INFO  epoch 0 training [time: 1.34s, train loss: 131.8141]
Mon 29 Apr 2024 15:40:28 INFO  epoch 0 evaluating [time: 0.76s, valid_score: 0.169600]
Mon 29 Apr 2024 15:40:28 INFO  valid result: 
recall@10 : 0.0428    mrr@10 : 0.1696    ndcg@10 : 0.0653    hit@10 : 0.4347    precision@10 : 0.0606
Mon 29 Apr 2024 15:40:28 INFO  Saving current: saved/BPR-Apr-29-2024_15-40-25.pth
Mon 29 Apr 2024 15:40:29 INFO  epoch 1 training [time: 1.19s, train loss: 61.4092]
Mon 29 Apr 2024 15:40:30 INFO  epoch 1 evaluating [time: 0.77s, valid_score: 0.211300]
Mon 29 Apr 2024 15:40:30 INFO  valid result: 
recall@10 : 0.0524    mrr@10 : 0.2113    ndcg@10 : 0.0815    hit@10 : 0.5018    precision@10 : 0.0737
Mon 29 Apr 2024 15:40:30 INFO  Saving current: saved/BPR-Apr-29-2024_15-40-25.pth
Mon 29 Apr 2024 15:40:30 INFO  Loading model structure and parameters from saved/BPR-Apr-29-2024_15-40-25.pth
Mon 29 Apr 2024 15:40:32 INFO  The running environment of this training is as follows:
+-------------+----------------+
| Environment |     Usage      |
+=============+================+
| CPU         |    33.20 %     |
+-------------+----------------+
| GPU         |   0.0 / 0.0    |
+-------------+----------------+
| Memory      | 0.71 G/16.00 G |
+-------------+----------------+
Mon 29 Apr 2024 15:40:32 INFO  best valid : OrderedDict([('recall@10', 0.0524), ('mrr@10', 0.2113), ('ndcg@10', 0.0815), ('hit@10', 0.5018), ('precision@10', 0.0737)])
Mon 29 Apr 2024 15:40:32 INFO  test result: OrderedDict([('recall@10', 0.0559), ('mrr@10', 0.2349), ('ndcg@10', 0.0899), ('hit@10', 0.5222), ('precision@10', 0.0791)])
