Sun 28 Apr 2024 20:13:59 INFO  ['run2.py']
Sun 28 Apr 2024 20:13:59 INFO  
General Hyper Parameters:
gpu_id = 0
use_gpu = True
seed = 2020
state = INFO
reproducibility = True
data_path = dataset/kgrec-music
checkpoint_dir = saved
show_progress = True
save_dataset = False
dataset_save_path = None
save_dataloaders = False
dataloaders_save_path = None
log_wandb = False

Training Hyper Parameters:
epochs = 300
train_batch_size = 2048
learner = adam
learning_rate = 0.001
train_neg_sample_args = {'distribution': 'uniform', 'sample_num': 1, 'alpha': 1.0, 'dynamic': False, 'candidate_num': 0}
eval_step = 1
stopping_step = 10
clip_grad_norm = None
weight_decay = 0.0
loss_decimal_place = 4

Evaluation Hyper Parameters:
eval_args = {'split': {'RS': [0.8, 0.1, 0.1]}, 'order': 'RO', 'group_by': 'user', 'mode': {'valid': 'full', 'test': 'full'}}
repeatable = False
metrics = ['Recall', 'MRR', 'NDCG', 'Hit', 'Precision']
topk = [10]
valid_metric = MRR@10
valid_metric_bigger = True
eval_batch_size = 4096
metric_decimal_place = 4

Dataset Hyper Parameters:
field_separator = 	
seq_separator =  
USER_ID_FIELD = user_id
ITEM_ID_FIELD = item_id
RATING_FIELD = rating
TIME_FIELD = timestamp
seq_len = None
LABEL_FIELD = label
threshold = None
NEG_PREFIX = neg_
load_col = {'inter': ['user_id', 'item_id']}
unload_col = None
unused_col = None
additional_feat_suffix = None
rm_dup_inter = None
val_interval = None
filter_inter_by_user_or_item = True
user_inter_num_interval = [0,inf)
item_inter_num_interval = [0,inf)
alias_of_user_id = None
alias_of_item_id = None
alias_of_entity_id = None
alias_of_relation_id = None
preload_weight = None
normalize_field = None
normalize_all = None
ITEM_LIST_LENGTH_FIELD = item_length
LIST_SUFFIX = _list
MAX_ITEM_LIST_LENGTH = 50
POSITION_FIELD = position_id
HEAD_ENTITY_ID_FIELD = head_id
TAIL_ENTITY_ID_FIELD = tail_id
RELATION_ID_FIELD = relation_id
ENTITY_ID_FIELD = entity_id
benchmark_filename = None

Other Hyper Parameters: 
worker = 0
wandb_project = recbole
shuffle = True
require_pow = False
enable_amp = False
enable_scaler = False
transform = None
embedding_size = 64
numerical_features = []
discretization = None
kg_reverse_r = False
entity_kg_num_interval = [0,inf)
relation_kg_num_interval = [0,inf)
MODEL_TYPE = ModelType.GENERAL
MODEL_INPUT_TYPE = InputType.PAIRWISE
eval_type = EvaluatorType.RANKING
single_spec = True
local_rank = 0
device = cpu
valid_neg_sample_args = {'distribution': 'uniform', 'sample_num': 'none'}
test_neg_sample_args = {'distribution': 'uniform', 'sample_num': 'none'}


Sun 28 Apr 2024 20:14:00 INFO  kgrec-music
The number of users: 5200
Average actions of users: 144.55299095979996
The number of items: 8641
Average actions of items: 86.98275462962962
The number of inters: 751531
The sparsity of the dataset: 98.32744830103354%
Remain Fields: ['user_id', 'item_id']
Sun 28 Apr 2024 20:14:01 INFO  [Training]: train_batch_size = [2048] train_neg_sample_args: [{'distribution': 'uniform', 'sample_num': 1, 'alpha': 1.0, 'dynamic': False, 'candidate_num': 0}]
Sun 28 Apr 2024 20:14:01 INFO  [Evaluation]: eval_batch_size = [4096] eval_args: [{'split': {'RS': [0.8, 0.1, 0.1]}, 'order': 'RO', 'group_by': 'user', 'mode': {'valid': 'full', 'test': 'full'}}]
Sun 28 Apr 2024 20:14:01 INFO  BPR(
  (user_embedding): Embedding(5200, 64)
  (item_embedding): Embedding(8641, 64)
  (loss): BPRLoss()
)
Trainable parameters: 885824
Sun 28 Apr 2024 20:14:01 INFO  FLOPs: 128.0
Sun 28 Apr 2024 20:14:03 INFO  epoch 0 training [time: 1.25s, train loss: 201.9072]
Sun 28 Apr 2024 20:14:03 INFO  epoch 0 evaluating [time: 0.77s, valid_score: 0.132500]
Sun 28 Apr 2024 20:14:03 INFO  valid result: 
recall@10 : 0.0288    mrr@10 : 0.1325    ndcg@10 : 0.0477    hit@10 : 0.3014    precision@10 : 0.0412
Sun 28 Apr 2024 20:14:03 INFO  Saving current: saved/BPR-Apr-28-2024_20-14-01.pth
Sun 28 Apr 2024 20:14:04 INFO  epoch 1 training [time: 1.17s, train loss: 137.9416]
Sun 28 Apr 2024 20:14:05 INFO  epoch 1 evaluating [time: 0.77s, valid_score: 0.157300]
Sun 28 Apr 2024 20:14:05 INFO  valid result: 
recall@10 : 0.0351    mrr@10 : 0.1573    ndcg@10 : 0.0568    hit@10 : 0.3612    precision@10 : 0.0495
Sun 28 Apr 2024 20:14:05 INFO  Saving current: saved/BPR-Apr-28-2024_20-14-01.pth
Sun 28 Apr 2024 20:14:06 INFO  epoch 2 training [time: 1.22s, train loss: 102.2597]
Sun 28 Apr 2024 20:14:07 INFO  epoch 2 evaluating [time: 0.79s, valid_score: 0.184300]
Sun 28 Apr 2024 20:14:07 INFO  valid result: 
recall@10 : 0.0406    mrr@10 : 0.1843    ndcg@10 : 0.0664    hit@10 : 0.4126    precision@10 : 0.0576
Sun 28 Apr 2024 20:14:07 INFO  Saving current: saved/BPR-Apr-28-2024_20-14-01.pth
Sun 28 Apr 2024 20:14:09 INFO  epoch 3 training [time: 1.58s, train loss: 87.1771]
Sun 28 Apr 2024 20:14:10 INFO  epoch 3 evaluating [time: 0.88s, valid_score: 0.189800]
Sun 28 Apr 2024 20:14:10 INFO  valid result: 
recall@10 : 0.0444    mrr@10 : 0.1898    ndcg@10 : 0.0711    hit@10 : 0.4372    precision@10 : 0.063
Sun 28 Apr 2024 20:14:10 INFO  Saving current: saved/BPR-Apr-28-2024_20-14-01.pth
Sun 28 Apr 2024 20:14:11 INFO  epoch 4 training [time: 1.42s, train loss: 78.2166]
Sun 28 Apr 2024 20:14:12 INFO  epoch 4 evaluating [time: 0.90s, valid_score: 0.202800]
Sun 28 Apr 2024 20:14:12 INFO  valid result: 
recall@10 : 0.0466    mrr@10 : 0.2028    ndcg@10 : 0.0755    hit@10 : 0.4555    precision@10 : 0.0662
Sun 28 Apr 2024 20:14:12 INFO  Saving current: saved/BPR-Apr-28-2024_20-14-01.pth
Sun 28 Apr 2024 20:14:14 INFO  epoch 5 training [time: 1.45s, train loss: 71.7574]
Sun 28 Apr 2024 20:14:14 INFO  epoch 5 evaluating [time: 0.78s, valid_score: 0.205700]
Sun 28 Apr 2024 20:14:14 INFO  valid result: 
recall@10 : 0.05    mrr@10 : 0.2057    ndcg@10 : 0.0791    hit@10 : 0.4784    precision@10 : 0.0711
Sun 28 Apr 2024 20:14:14 INFO  Saving current: saved/BPR-Apr-28-2024_20-14-01.pth
Sun 28 Apr 2024 20:14:16 INFO  epoch 6 training [time: 1.40s, train loss: 66.5991]
Sun 28 Apr 2024 20:14:17 INFO  epoch 6 evaluating [time: 0.77s, valid_score: 0.216600]
Sun 28 Apr 2024 20:14:17 INFO  valid result: 
recall@10 : 0.0524    mrr@10 : 0.2166    ndcg@10 : 0.0833    hit@10 : 0.4945    precision@10 : 0.0747
Sun 28 Apr 2024 20:14:17 INFO  Saving current: saved/BPR-Apr-28-2024_20-14-01.pth
Sun 28 Apr 2024 20:14:18 INFO  epoch 7 training [time: 1.33s, train loss: 62.5006]
Sun 28 Apr 2024 20:14:19 INFO  epoch 7 evaluating [time: 0.80s, valid_score: 0.223100]
Sun 28 Apr 2024 20:14:19 INFO  valid result: 
recall@10 : 0.0541    mrr@10 : 0.2231    ndcg@10 : 0.0856    hit@10 : 0.5066    precision@10 : 0.0764
Sun 28 Apr 2024 20:14:19 INFO  Saving current: saved/BPR-Apr-28-2024_20-14-01.pth
Sun 28 Apr 2024 20:14:20 INFO  epoch 8 training [time: 1.37s, train loss: 59.1004]
Sun 28 Apr 2024 20:14:21 INFO  epoch 8 evaluating [time: 0.81s, valid_score: 0.227000]
Sun 28 Apr 2024 20:14:21 INFO  valid result: 
recall@10 : 0.0568    mrr@10 : 0.227    ndcg@10 : 0.0886    hit@10 : 0.5261    precision@10 : 0.0798
Sun 28 Apr 2024 20:14:21 INFO  Saving current: saved/BPR-Apr-28-2024_20-14-01.pth
Sun 28 Apr 2024 20:14:22 INFO  epoch 9 training [time: 1.29s, train loss: 55.9643]
Sun 28 Apr 2024 20:14:23 INFO  epoch 9 evaluating [time: 0.77s, valid_score: 0.234300]
Sun 28 Apr 2024 20:14:23 INFO  valid result: 
recall@10 : 0.0587    mrr@10 : 0.2343    ndcg@10 : 0.0918    hit@10 : 0.5305    precision@10 : 0.0824
Sun 28 Apr 2024 20:14:23 INFO  Saving current: saved/BPR-Apr-28-2024_20-14-01.pth
Sun 28 Apr 2024 20:14:24 INFO  epoch 10 training [time: 1.36s, train loss: 53.3462]
Sun 28 Apr 2024 20:14:25 INFO  epoch 10 evaluating [time: 0.78s, valid_score: 0.241500]
Sun 28 Apr 2024 20:14:25 INFO  valid result: 
recall@10 : 0.0613    mrr@10 : 0.2415    ndcg@10 : 0.0959    hit@10 : 0.5465    precision@10 : 0.0865
Sun 28 Apr 2024 20:14:25 INFO  Saving current: saved/BPR-Apr-28-2024_20-14-01.pth
Sun 28 Apr 2024 20:14:26 INFO  epoch 11 training [time: 1.27s, train loss: 51.2374]
Sun 28 Apr 2024 20:14:27 INFO  epoch 11 evaluating [time: 0.76s, valid_score: 0.246000]
Sun 28 Apr 2024 20:14:27 INFO  valid result: 
recall@10 : 0.0621    mrr@10 : 0.246    ndcg@10 : 0.0972    hit@10 : 0.5528    precision@10 : 0.0872
Sun 28 Apr 2024 20:14:27 INFO  Saving current: saved/BPR-Apr-28-2024_20-14-01.pth
Sun 28 Apr 2024 20:14:28 INFO  epoch 12 training [time: 1.28s, train loss: 48.8604]
Sun 28 Apr 2024 20:14:29 INFO  epoch 12 evaluating [time: 0.74s, valid_score: 0.251800]
Sun 28 Apr 2024 20:14:29 INFO  valid result: 
recall@10 : 0.064    mrr@10 : 0.2518    ndcg@10 : 0.1002    hit@10 : 0.5613    precision@10 : 0.0898
Sun 28 Apr 2024 20:14:29 INFO  Saving current: saved/BPR-Apr-28-2024_20-14-01.pth
Sun 28 Apr 2024 20:14:30 INFO  epoch 13 training [time: 1.28s, train loss: 47.1446]
Sun 28 Apr 2024 20:14:31 INFO  epoch 13 evaluating [time: 0.77s, valid_score: 0.259000]
Sun 28 Apr 2024 20:14:31 INFO  valid result: 
recall@10 : 0.0654    mrr@10 : 0.259    ndcg@10 : 0.1028    hit@10 : 0.5663    precision@10 : 0.0918
Sun 28 Apr 2024 20:14:31 INFO  Saving current: saved/BPR-Apr-28-2024_20-14-01.pth
Sun 28 Apr 2024 20:14:33 INFO  epoch 14 training [time: 1.30s, train loss: 45.4438]
Sun 28 Apr 2024 20:14:33 INFO  epoch 14 evaluating [time: 0.78s, valid_score: 0.259200]
Sun 28 Apr 2024 20:14:33 INFO  valid result: 
recall@10 : 0.0663    mrr@10 : 0.2592    ndcg@10 : 0.1038    hit@10 : 0.5713    precision@10 : 0.093
Sun 28 Apr 2024 20:14:33 INFO  Saving current: saved/BPR-Apr-28-2024_20-14-01.pth
Sun 28 Apr 2024 20:14:35 INFO  epoch 15 training [time: 1.36s, train loss: 43.9710]
Sun 28 Apr 2024 20:14:35 INFO  epoch 15 evaluating [time: 0.74s, valid_score: 0.263800]
Sun 28 Apr 2024 20:14:35 INFO  valid result: 
recall@10 : 0.0672    mrr@10 : 0.2638    ndcg@10 : 0.1052    hit@10 : 0.5797    precision@10 : 0.094
Sun 28 Apr 2024 20:14:35 INFO  Saving current: saved/BPR-Apr-28-2024_20-14-01.pth
Sun 28 Apr 2024 20:14:37 INFO  epoch 16 training [time: 1.25s, train loss: 42.5252]
Sun 28 Apr 2024 20:14:37 INFO  epoch 16 evaluating [time: 0.79s, valid_score: 0.270500]
Sun 28 Apr 2024 20:14:37 INFO  valid result: 
recall@10 : 0.0686    mrr@10 : 0.2705    ndcg@10 : 0.1076    hit@10 : 0.5868    precision@10 : 0.0958
Sun 28 Apr 2024 20:14:37 INFO  Saving current: saved/BPR-Apr-28-2024_20-14-01.pth
Sun 28 Apr 2024 20:14:39 INFO  epoch 17 training [time: 1.37s, train loss: 41.2983]
Sun 28 Apr 2024 20:14:40 INFO  epoch 17 evaluating [time: 0.85s, valid_score: 0.275300]
Sun 28 Apr 2024 20:14:40 INFO  valid result: 
recall@10 : 0.0703    mrr@10 : 0.2753    ndcg@10 : 0.1101    hit@10 : 0.6024    precision@10 : 0.0984
Sun 28 Apr 2024 20:14:40 INFO  Saving current: saved/BPR-Apr-28-2024_20-14-01.pth
Sun 28 Apr 2024 20:14:41 INFO  epoch 18 training [time: 1.73s, train loss: 39.9975]
Sun 28 Apr 2024 20:14:42 INFO  epoch 18 evaluating [time: 0.78s, valid_score: 0.277200]
Sun 28 Apr 2024 20:14:42 INFO  valid result: 
recall@10 : 0.0719    mrr@10 : 0.2772    ndcg@10 : 0.112    hit@10 : 0.6038    precision@10 : 0.1003
Sun 28 Apr 2024 20:14:42 INFO  Saving current: saved/BPR-Apr-28-2024_20-14-01.pth
Sun 28 Apr 2024 20:14:44 INFO  epoch 19 training [time: 1.57s, train loss: 38.4942]
Sun 28 Apr 2024 20:14:45 INFO  epoch 19 evaluating [time: 0.82s, valid_score: 0.279200]
Sun 28 Apr 2024 20:14:45 INFO  valid result: 
recall@10 : 0.0721    mrr@10 : 0.2792    ndcg@10 : 0.1127    hit@10 : 0.6018    precision@10 : 0.1005
Sun 28 Apr 2024 20:14:45 INFO  Saving current: saved/BPR-Apr-28-2024_20-14-01.pth
Sun 28 Apr 2024 20:14:46 INFO  epoch 20 training [time: 1.43s, train loss: 37.6209]
Sun 28 Apr 2024 20:14:47 INFO  epoch 20 evaluating [time: 0.88s, valid_score: 0.278400]
Sun 28 Apr 2024 20:14:47 INFO  valid result: 
recall@10 : 0.0727    mrr@10 : 0.2784    ndcg@10 : 0.1133    hit@10 : 0.6053    precision@10 : 0.1015
Sun 28 Apr 2024 20:14:48 INFO  epoch 21 training [time: 1.35s, train loss: 36.5358]
Sun 28 Apr 2024 20:14:49 INFO  epoch 21 evaluating [time: 0.82s, valid_score: 0.285500]
Sun 28 Apr 2024 20:14:49 INFO  valid result: 
recall@10 : 0.0743    mrr@10 : 0.2855    ndcg@10 : 0.116    hit@10 : 0.6142    precision@10 : 0.1036
Sun 28 Apr 2024 20:14:49 INFO  Saving current: saved/BPR-Apr-28-2024_20-14-01.pth
Sun 28 Apr 2024 20:14:51 INFO  epoch 22 training [time: 1.50s, train loss: 35.5637]
Sun 28 Apr 2024 20:14:51 INFO  epoch 22 evaluating [time: 0.78s, valid_score: 0.287200]
Sun 28 Apr 2024 20:14:51 INFO  valid result: 
recall@10 : 0.0748    mrr@10 : 0.2872    ndcg@10 : 0.1166    hit@10 : 0.6157    precision@10 : 0.1042
Sun 28 Apr 2024 20:14:51 INFO  Saving current: saved/BPR-Apr-28-2024_20-14-01.pth
Sun 28 Apr 2024 20:14:53 INFO  epoch 23 training [time: 1.24s, train loss: 34.5330]
Sun 28 Apr 2024 20:14:53 INFO  epoch 23 evaluating [time: 0.75s, valid_score: 0.288100]
Sun 28 Apr 2024 20:14:53 INFO  valid result: 
recall@10 : 0.0755    mrr@10 : 0.2881    ndcg@10 : 0.1177    hit@10 : 0.622    precision@10 : 0.1053
Sun 28 Apr 2024 20:14:53 INFO  Saving current: saved/BPR-Apr-28-2024_20-14-01.pth
Sun 28 Apr 2024 20:14:55 INFO  epoch 24 training [time: 1.36s, train loss: 33.6388]
Sun 28 Apr 2024 20:14:56 INFO  epoch 24 evaluating [time: 0.80s, valid_score: 0.288000]
Sun 28 Apr 2024 20:14:56 INFO  valid result: 
recall@10 : 0.0767    mrr@10 : 0.288    ndcg@10 : 0.1187    hit@10 : 0.6232    precision@10 : 0.1069
Sun 28 Apr 2024 20:14:57 INFO  epoch 25 training [time: 1.25s, train loss: 32.8247]
Sun 28 Apr 2024 20:14:58 INFO  epoch 25 evaluating [time: 0.75s, valid_score: 0.290700]
Sun 28 Apr 2024 20:14:58 INFO  valid result: 
recall@10 : 0.0779    mrr@10 : 0.2907    ndcg@10 : 0.1204    hit@10 : 0.6309    precision@10 : 0.1086
Sun 28 Apr 2024 20:14:58 INFO  Saving current: saved/BPR-Apr-28-2024_20-14-01.pth
Sun 28 Apr 2024 20:14:59 INFO  epoch 26 training [time: 1.33s, train loss: 32.1325]
Sun 28 Apr 2024 20:15:00 INFO  epoch 26 evaluating [time: 0.76s, valid_score: 0.293400]
Sun 28 Apr 2024 20:15:00 INFO  valid result: 
recall@10 : 0.0785    mrr@10 : 0.2934    ndcg@10 : 0.1215    hit@10 : 0.6344    precision@10 : 0.1093
Sun 28 Apr 2024 20:15:00 INFO  Saving current: saved/BPR-Apr-28-2024_20-14-01.pth
Sun 28 Apr 2024 20:15:01 INFO  epoch 27 training [time: 1.38s, train loss: 31.0688]
Sun 28 Apr 2024 20:15:02 INFO  epoch 27 evaluating [time: 0.79s, valid_score: 0.296500]
Sun 28 Apr 2024 20:15:02 INFO  valid result: 
recall@10 : 0.0794    mrr@10 : 0.2965    ndcg@10 : 0.123    hit@10 : 0.6369    precision@10 : 0.1103
Sun 28 Apr 2024 20:15:02 INFO  Saving current: saved/BPR-Apr-28-2024_20-14-01.pth
Sun 28 Apr 2024 20:15:03 INFO  epoch 28 training [time: 1.27s, train loss: 30.4727]
Sun 28 Apr 2024 20:15:04 INFO  epoch 28 evaluating [time: 0.73s, valid_score: 0.302400]
Sun 28 Apr 2024 20:15:04 INFO  valid result: 
recall@10 : 0.0812    mrr@10 : 0.3024    ndcg@10 : 0.1254    hit@10 : 0.6453    precision@10 : 0.1127
Sun 28 Apr 2024 20:15:04 INFO  Saving current: saved/BPR-Apr-28-2024_20-14-01.pth
Sun 28 Apr 2024 20:15:05 INFO  epoch 29 training [time: 1.29s, train loss: 29.8496]
Sun 28 Apr 2024 20:15:06 INFO  epoch 29 evaluating [time: 0.79s, valid_score: 0.308500]
Sun 28 Apr 2024 20:15:06 INFO  valid result: 
recall@10 : 0.0818    mrr@10 : 0.3085    ndcg@10 : 0.1272    hit@10 : 0.6509    precision@10 : 0.1135
Sun 28 Apr 2024 20:15:06 INFO  Saving current: saved/BPR-Apr-28-2024_20-14-01.pth
Sun 28 Apr 2024 20:15:07 INFO  epoch 30 training [time: 1.31s, train loss: 29.0160]
Sun 28 Apr 2024 20:15:08 INFO  epoch 30 evaluating [time: 0.81s, valid_score: 0.308500]
Sun 28 Apr 2024 20:15:08 INFO  valid result: 
recall@10 : 0.0824    mrr@10 : 0.3085    ndcg@10 : 0.1278    hit@10 : 0.6549    precision@10 : 0.1143
Sun 28 Apr 2024 20:15:08 INFO  Saving current: saved/BPR-Apr-28-2024_20-14-01.pth
Sun 28 Apr 2024 20:15:09 INFO  epoch 31 training [time: 1.33s, train loss: 28.4106]
Sun 28 Apr 2024 20:15:10 INFO  epoch 31 evaluating [time: 0.74s, valid_score: 0.309500]
Sun 28 Apr 2024 20:15:10 INFO  valid result: 
recall@10 : 0.084    mrr@10 : 0.3095    ndcg@10 : 0.1292    hit@10 : 0.6599    precision@10 : 0.1161
Sun 28 Apr 2024 20:15:10 INFO  Saving current: saved/BPR-Apr-28-2024_20-14-01.pth
Sun 28 Apr 2024 20:15:11 INFO  epoch 32 training [time: 1.25s, train loss: 27.8950]
Sun 28 Apr 2024 20:15:12 INFO  epoch 32 evaluating [time: 0.79s, valid_score: 0.311200]
Sun 28 Apr 2024 20:15:12 INFO  valid result: 
recall@10 : 0.0842    mrr@10 : 0.3112    ndcg@10 : 0.1299    hit@10 : 0.6624    precision@10 : 0.1165
Sun 28 Apr 2024 20:15:12 INFO  Saving current: saved/BPR-Apr-28-2024_20-14-01.pth
Sun 28 Apr 2024 20:15:13 INFO  epoch 33 training [time: 1.24s, train loss: 27.2864]
Sun 28 Apr 2024 20:15:14 INFO  epoch 33 evaluating [time: 0.76s, valid_score: 0.311500]
Sun 28 Apr 2024 20:15:14 INFO  valid result: 
recall@10 : 0.0843    mrr@10 : 0.3115    ndcg@10 : 0.1301    hit@10 : 0.6653    precision@10 : 0.1167
Sun 28 Apr 2024 20:15:14 INFO  Saving current: saved/BPR-Apr-28-2024_20-14-01.pth
Sun 28 Apr 2024 20:15:15 INFO  epoch 34 training [time: 1.22s, train loss: 26.4594]
Sun 28 Apr 2024 20:15:16 INFO  epoch 34 evaluating [time: 0.75s, valid_score: 0.313400]
Sun 28 Apr 2024 20:15:16 INFO  valid result: 
recall@10 : 0.0859    mrr@10 : 0.3134    ndcg@10 : 0.1319    hit@10 : 0.6701    precision@10 : 0.119
Sun 28 Apr 2024 20:15:16 INFO  Saving current: saved/BPR-Apr-28-2024_20-14-01.pth
Sun 28 Apr 2024 20:15:18 INFO  epoch 35 training [time: 1.27s, train loss: 25.8058]
Sun 28 Apr 2024 20:15:18 INFO  epoch 35 evaluating [time: 0.76s, valid_score: 0.313700]
Sun 28 Apr 2024 20:15:18 INFO  valid result: 
recall@10 : 0.0856    mrr@10 : 0.3137    ndcg@10 : 0.132    hit@10 : 0.6665    precision@10 : 0.1188
Sun 28 Apr 2024 20:15:18 INFO  Saving current: saved/BPR-Apr-28-2024_20-14-01.pth
Sun 28 Apr 2024 20:15:20 INFO  epoch 36 training [time: 1.25s, train loss: 25.2254]
Sun 28 Apr 2024 20:15:20 INFO  epoch 36 evaluating [time: 0.79s, valid_score: 0.314500]
Sun 28 Apr 2024 20:15:20 INFO  valid result: 
recall@10 : 0.086    mrr@10 : 0.3145    ndcg@10 : 0.1326    hit@10 : 0.6647    precision@10 : 0.1194
Sun 28 Apr 2024 20:15:20 INFO  Saving current: saved/BPR-Apr-28-2024_20-14-01.pth
Sun 28 Apr 2024 20:15:22 INFO  epoch 37 training [time: 1.28s, train loss: 24.8821]
Sun 28 Apr 2024 20:15:22 INFO  epoch 37 evaluating [time: 0.74s, valid_score: 0.316300]
Sun 28 Apr 2024 20:15:22 INFO  valid result: 
recall@10 : 0.0868    mrr@10 : 0.3163    ndcg@10 : 0.1337    hit@10 : 0.668    precision@10 : 0.1205
Sun 28 Apr 2024 20:15:22 INFO  Saving current: saved/BPR-Apr-28-2024_20-14-01.pth
Sun 28 Apr 2024 20:15:24 INFO  epoch 38 training [time: 1.21s, train loss: 24.2403]
Sun 28 Apr 2024 20:15:24 INFO  epoch 38 evaluating [time: 0.73s, valid_score: 0.321300]
Sun 28 Apr 2024 20:15:24 INFO  valid result: 
recall@10 : 0.0873    mrr@10 : 0.3213    ndcg@10 : 0.135    hit@10 : 0.6711    precision@10 : 0.1212
Sun 28 Apr 2024 20:15:24 INFO  Saving current: saved/BPR-Apr-28-2024_20-14-01.pth
Sun 28 Apr 2024 20:15:26 INFO  epoch 39 training [time: 1.23s, train loss: 23.6381]
Sun 28 Apr 2024 20:15:26 INFO  epoch 39 evaluating [time: 0.81s, valid_score: 0.321500]
Sun 28 Apr 2024 20:15:26 INFO  valid result: 
recall@10 : 0.0871    mrr@10 : 0.3215    ndcg@10 : 0.1346    hit@10 : 0.6755    precision@10 : 0.1208
Sun 28 Apr 2024 20:15:26 INFO  Saving current: saved/BPR-Apr-28-2024_20-14-01.pth
Sun 28 Apr 2024 20:15:28 INFO  epoch 40 training [time: 1.36s, train loss: 23.3807]
Sun 28 Apr 2024 20:15:29 INFO  epoch 40 evaluating [time: 0.79s, valid_score: 0.323200]
Sun 28 Apr 2024 20:15:29 INFO  valid result: 
recall@10 : 0.0881    mrr@10 : 0.3232    ndcg@10 : 0.136    hit@10 : 0.6732    precision@10 : 0.1222
Sun 28 Apr 2024 20:15:29 INFO  Saving current: saved/BPR-Apr-28-2024_20-14-01.pth
Sun 28 Apr 2024 20:15:30 INFO  epoch 41 training [time: 1.30s, train loss: 22.9537]
Sun 28 Apr 2024 20:15:31 INFO  epoch 41 evaluating [time: 0.77s, valid_score: 0.326100]
Sun 28 Apr 2024 20:15:31 INFO  valid result: 
recall@10 : 0.0886    mrr@10 : 0.3261    ndcg@10 : 0.1369    hit@10 : 0.6784    precision@10 : 0.1226
Sun 28 Apr 2024 20:15:31 INFO  Saving current: saved/BPR-Apr-28-2024_20-14-01.pth
Sun 28 Apr 2024 20:15:32 INFO  epoch 42 training [time: 1.35s, train loss: 22.4939]
Sun 28 Apr 2024 20:15:33 INFO  epoch 42 evaluating [time: 0.77s, valid_score: 0.328900]
Sun 28 Apr 2024 20:15:33 INFO  valid result: 
recall@10 : 0.0887    mrr@10 : 0.3289    ndcg@10 : 0.1375    hit@10 : 0.6761    precision@10 : 0.1227
Sun 28 Apr 2024 20:15:33 INFO  Saving current: saved/BPR-Apr-28-2024_20-14-01.pth
Sun 28 Apr 2024 20:15:34 INFO  epoch 43 training [time: 1.40s, train loss: 22.1656]
Sun 28 Apr 2024 20:15:35 INFO  epoch 43 evaluating [time: 0.84s, valid_score: 0.330000]
Sun 28 Apr 2024 20:15:35 INFO  valid result: 
recall@10 : 0.0888    mrr@10 : 0.33    ndcg@10 : 0.1382    hit@10 : 0.6761    precision@10 : 0.1232
Sun 28 Apr 2024 20:15:35 INFO  Saving current: saved/BPR-Apr-28-2024_20-14-01.pth
Sun 28 Apr 2024 20:15:36 INFO  epoch 44 training [time: 1.29s, train loss: 21.7808]
Sun 28 Apr 2024 20:15:38 INFO  epoch 44 evaluating [time: 1.24s, valid_score: 0.332300]
Sun 28 Apr 2024 20:15:38 INFO  valid result: 
recall@10 : 0.0894    mrr@10 : 0.3323    ndcg@10 : 0.139    hit@10 : 0.683    precision@10 : 0.1241
Sun 28 Apr 2024 20:15:38 INFO  Saving current: saved/BPR-Apr-28-2024_20-14-01.pth
Sun 28 Apr 2024 20:15:39 INFO  epoch 45 training [time: 1.76s, train loss: 21.3176]
Sun 28 Apr 2024 20:15:40 INFO  epoch 45 evaluating [time: 0.87s, valid_score: 0.332600]
Sun 28 Apr 2024 20:15:40 INFO  valid result: 
recall@10 : 0.0903    mrr@10 : 0.3326    ndcg@10 : 0.1396    hit@10 : 0.688    precision@10 : 0.125
Sun 28 Apr 2024 20:15:40 INFO  Saving current: saved/BPR-Apr-28-2024_20-14-01.pth
Sun 28 Apr 2024 20:15:42 INFO  epoch 46 training [time: 1.48s, train loss: 20.8764]
Sun 28 Apr 2024 20:15:42 INFO  epoch 46 evaluating [time: 0.79s, valid_score: 0.331600]
Sun 28 Apr 2024 20:15:42 INFO  valid result: 
recall@10 : 0.0902    mrr@10 : 0.3316    ndcg@10 : 0.1395    hit@10 : 0.6851    precision@10 : 0.125
Sun 28 Apr 2024 20:15:44 INFO  epoch 47 training [time: 1.99s, train loss: 20.6302]
Sun 28 Apr 2024 20:15:45 INFO  epoch 47 evaluating [time: 0.84s, valid_score: 0.335600]
Sun 28 Apr 2024 20:15:45 INFO  valid result: 
recall@10 : 0.0911    mrr@10 : 0.3356    ndcg@10 : 0.1412    hit@10 : 0.6942    precision@10 : 0.126
Sun 28 Apr 2024 20:15:45 INFO  Saving current: saved/BPR-Apr-28-2024_20-14-01.pth
Sun 28 Apr 2024 20:15:47 INFO  epoch 48 training [time: 1.59s, train loss: 20.1516]
Sun 28 Apr 2024 20:15:48 INFO  epoch 48 evaluating [time: 0.94s, valid_score: 0.336400]
Sun 28 Apr 2024 20:15:48 INFO  valid result: 
recall@10 : 0.0913    mrr@10 : 0.3364    ndcg@10 : 0.1416    hit@10 : 0.6928    precision@10 : 0.1263
Sun 28 Apr 2024 20:15:48 INFO  Saving current: saved/BPR-Apr-28-2024_20-14-01.pth
Sun 28 Apr 2024 20:15:49 INFO  epoch 49 training [time: 1.46s, train loss: 19.7733]
Sun 28 Apr 2024 20:15:50 INFO  epoch 49 evaluating [time: 0.81s, valid_score: 0.337900]
Sun 28 Apr 2024 20:15:50 INFO  valid result: 
recall@10 : 0.0924    mrr@10 : 0.3379    ndcg@10 : 0.1425    hit@10 : 0.6978    precision@10 : 0.1274
Sun 28 Apr 2024 20:15:50 INFO  Saving current: saved/BPR-Apr-28-2024_20-14-01.pth
Sun 28 Apr 2024 20:15:52 INFO  epoch 50 training [time: 1.50s, train loss: 19.5451]
Sun 28 Apr 2024 20:15:52 INFO  epoch 50 evaluating [time: 0.80s, valid_score: 0.337100]
Sun 28 Apr 2024 20:15:52 INFO  valid result: 
recall@10 : 0.0922    mrr@10 : 0.3371    ndcg@10 : 0.1425    hit@10 : 0.6984    precision@10 : 0.1276
Sun 28 Apr 2024 20:15:54 INFO  epoch 51 training [time: 1.58s, train loss: 19.0795]
Sun 28 Apr 2024 20:15:55 INFO  epoch 51 evaluating [time: 0.80s, valid_score: 0.337000]
Sun 28 Apr 2024 20:15:55 INFO  valid result: 
recall@10 : 0.0925    mrr@10 : 0.337    ndcg@10 : 0.143    hit@10 : 0.7003    precision@10 : 0.128
Sun 28 Apr 2024 20:15:56 INFO  epoch 52 training [time: 1.35s, train loss: 18.9184]
Sun 28 Apr 2024 20:15:57 INFO  epoch 52 evaluating [time: 0.83s, valid_score: 0.339800]
Sun 28 Apr 2024 20:15:57 INFO  valid result: 
recall@10 : 0.0929    mrr@10 : 0.3398    ndcg@10 : 0.1438    hit@10 : 0.6999    precision@10 : 0.1285
Sun 28 Apr 2024 20:15:57 INFO  Saving current: saved/BPR-Apr-28-2024_20-14-01.pth
Sun 28 Apr 2024 20:15:58 INFO  epoch 53 training [time: 1.36s, train loss: 18.5579]
Sun 28 Apr 2024 20:15:59 INFO  epoch 53 evaluating [time: 0.80s, valid_score: 0.341500]
Sun 28 Apr 2024 20:15:59 INFO  valid result: 
recall@10 : 0.0931    mrr@10 : 0.3415    ndcg@10 : 0.144    hit@10 : 0.7061    precision@10 : 0.1287
Sun 28 Apr 2024 20:15:59 INFO  Saving current: saved/BPR-Apr-28-2024_20-14-01.pth
Sun 28 Apr 2024 20:16:01 INFO  epoch 54 training [time: 1.32s, train loss: 18.2376]
Sun 28 Apr 2024 20:16:01 INFO  epoch 54 evaluating [time: 0.88s, valid_score: 0.345100]
Sun 28 Apr 2024 20:16:01 INFO  valid result: 
recall@10 : 0.0941    mrr@10 : 0.3451    ndcg@10 : 0.1456    hit@10 : 0.7096    precision@10 : 0.1297
Sun 28 Apr 2024 20:16:01 INFO  Saving current: saved/BPR-Apr-28-2024_20-14-01.pth
Sun 28 Apr 2024 20:16:03 INFO  epoch 55 training [time: 1.35s, train loss: 18.0879]
Sun 28 Apr 2024 20:16:04 INFO  epoch 55 evaluating [time: 0.85s, valid_score: 0.344600]
Sun 28 Apr 2024 20:16:04 INFO  valid result: 
recall@10 : 0.094    mrr@10 : 0.3446    ndcg@10 : 0.1454    hit@10 : 0.7057    precision@10 : 0.1297
Sun 28 Apr 2024 20:16:05 INFO  epoch 56 training [time: 1.36s, train loss: 17.6729]
Sun 28 Apr 2024 20:16:06 INFO  epoch 56 evaluating [time: 0.76s, valid_score: 0.342700]
Sun 28 Apr 2024 20:16:06 INFO  valid result: 
recall@10 : 0.0948    mrr@10 : 0.3427    ndcg@10 : 0.1456    hit@10 : 0.7096    precision@10 : 0.1305
Sun 28 Apr 2024 20:16:07 INFO  epoch 57 training [time: 1.23s, train loss: 17.5110]
Sun 28 Apr 2024 20:16:08 INFO  epoch 57 evaluating [time: 0.81s, valid_score: 0.346000]
Sun 28 Apr 2024 20:16:08 INFO  valid result: 
recall@10 : 0.0944    mrr@10 : 0.346    ndcg@10 : 0.1462    hit@10 : 0.709    precision@10 : 0.1303
Sun 28 Apr 2024 20:16:08 INFO  Saving current: saved/BPR-Apr-28-2024_20-14-01.pth
Sun 28 Apr 2024 20:16:09 INFO  epoch 58 training [time: 1.57s, train loss: 17.3159]
Sun 28 Apr 2024 20:16:10 INFO  epoch 58 evaluating [time: 0.77s, valid_score: 0.347400]
Sun 28 Apr 2024 20:16:10 INFO  valid result: 
recall@10 : 0.0955    mrr@10 : 0.3474    ndcg@10 : 0.147    hit@10 : 0.7149    precision@10 : 0.1314
Sun 28 Apr 2024 20:16:10 INFO  Saving current: saved/BPR-Apr-28-2024_20-14-01.pth
Sun 28 Apr 2024 20:16:11 INFO  epoch 59 training [time: 1.35s, train loss: 17.0088]
Sun 28 Apr 2024 20:16:12 INFO  epoch 59 evaluating [time: 0.80s, valid_score: 0.347000]
Sun 28 Apr 2024 20:16:12 INFO  valid result: 
recall@10 : 0.0948    mrr@10 : 0.347    ndcg@10 : 0.1466    hit@10 : 0.7149    precision@10 : 0.1307
Sun 28 Apr 2024 20:16:14 INFO  epoch 60 training [time: 1.30s, train loss: 16.8326]
Sun 28 Apr 2024 20:16:14 INFO  epoch 60 evaluating [time: 0.77s, valid_score: 0.341700]
Sun 28 Apr 2024 20:16:14 INFO  valid result: 
recall@10 : 0.0958    mrr@10 : 0.3417    ndcg@10 : 0.1462    hit@10 : 0.7132    precision@10 : 0.1314
Sun 28 Apr 2024 20:16:16 INFO  epoch 61 training [time: 1.79s, train loss: 16.5095]
Sun 28 Apr 2024 20:16:17 INFO  epoch 61 evaluating [time: 0.75s, valid_score: 0.342900]
Sun 28 Apr 2024 20:16:17 INFO  valid result: 
recall@10 : 0.0956    mrr@10 : 0.3429    ndcg@10 : 0.1465    hit@10 : 0.7121    precision@10 : 0.1314
Sun 28 Apr 2024 20:16:18 INFO  epoch 62 training [time: 1.19s, train loss: 16.3457]
Sun 28 Apr 2024 20:16:19 INFO  epoch 62 evaluating [time: 0.77s, valid_score: 0.343700]
Sun 28 Apr 2024 20:16:19 INFO  valid result: 
recall@10 : 0.0953    mrr@10 : 0.3437    ndcg@10 : 0.1463    hit@10 : 0.7105    precision@10 : 0.1312
Sun 28 Apr 2024 20:16:20 INFO  epoch 63 training [time: 1.37s, train loss: 16.1190]
Sun 28 Apr 2024 20:16:21 INFO  epoch 63 evaluating [time: 0.75s, valid_score: 0.344400]
Sun 28 Apr 2024 20:16:21 INFO  valid result: 
recall@10 : 0.0958    mrr@10 : 0.3444    ndcg@10 : 0.1466    hit@10 : 0.7146    precision@10 : 0.1315
Sun 28 Apr 2024 20:16:23 INFO  epoch 64 training [time: 1.76s, train loss: 15.9752]
Sun 28 Apr 2024 20:16:24 INFO  epoch 64 evaluating [time: 0.85s, valid_score: 0.347700]
Sun 28 Apr 2024 20:16:24 INFO  valid result: 
recall@10 : 0.0946    mrr@10 : 0.3477    ndcg@10 : 0.1465    hit@10 : 0.7082    precision@10 : 0.1302
Sun 28 Apr 2024 20:16:24 INFO  Saving current: saved/BPR-Apr-28-2024_20-14-01.pth
Sun 28 Apr 2024 20:16:25 INFO  epoch 65 training [time: 1.75s, train loss: 15.7002]
Sun 28 Apr 2024 20:16:26 INFO  epoch 65 evaluating [time: 0.83s, valid_score: 0.347700]
Sun 28 Apr 2024 20:16:26 INFO  valid result: 
recall@10 : 0.0955    mrr@10 : 0.3477    ndcg@10 : 0.1473    hit@10 : 0.7121    precision@10 : 0.1314
Sun 28 Apr 2024 20:16:26 INFO  Saving current: saved/BPR-Apr-28-2024_20-14-01.pth
Sun 28 Apr 2024 20:16:28 INFO  epoch 66 training [time: 1.52s, train loss: 15.6782]
Sun 28 Apr 2024 20:16:29 INFO  epoch 66 evaluating [time: 0.82s, valid_score: 0.347500]
Sun 28 Apr 2024 20:16:29 INFO  valid result: 
recall@10 : 0.0957    mrr@10 : 0.3475    ndcg@10 : 0.1475    hit@10 : 0.7117    precision@10 : 0.1318
Sun 28 Apr 2024 20:16:30 INFO  epoch 67 training [time: 1.34s, train loss: 15.4069]
Sun 28 Apr 2024 20:16:31 INFO  epoch 67 evaluating [time: 0.84s, valid_score: 0.345800]
Sun 28 Apr 2024 20:16:31 INFO  valid result: 
recall@10 : 0.0959    mrr@10 : 0.3458    ndcg@10 : 0.1472    hit@10 : 0.7138    precision@10 : 0.132
Sun 28 Apr 2024 20:16:32 INFO  epoch 68 training [time: 1.31s, train loss: 15.2146]
Sun 28 Apr 2024 20:16:33 INFO  epoch 68 evaluating [time: 0.80s, valid_score: 0.344300]
Sun 28 Apr 2024 20:16:33 INFO  valid result: 
recall@10 : 0.0966    mrr@10 : 0.3443    ndcg@10 : 0.1473    hit@10 : 0.7176    precision@10 : 0.1327
Sun 28 Apr 2024 20:16:34 INFO  epoch 69 training [time: 1.34s, train loss: 14.9358]
Sun 28 Apr 2024 20:16:35 INFO  epoch 69 evaluating [time: 0.82s, valid_score: 0.350900]
Sun 28 Apr 2024 20:16:35 INFO  valid result: 
recall@10 : 0.0963    mrr@10 : 0.3509    ndcg@10 : 0.1483    hit@10 : 0.718    precision@10 : 0.1324
Sun 28 Apr 2024 20:16:35 INFO  Saving current: saved/BPR-Apr-28-2024_20-14-01.pth
Sun 28 Apr 2024 20:16:36 INFO  epoch 70 training [time: 1.42s, train loss: 14.9777]
Sun 28 Apr 2024 20:16:37 INFO  epoch 70 evaluating [time: 0.78s, valid_score: 0.344400]
Sun 28 Apr 2024 20:16:37 INFO  valid result: 
recall@10 : 0.0975    mrr@10 : 0.3444    ndcg@10 : 0.1482    hit@10 : 0.7199    precision@10 : 0.1338
Sun 28 Apr 2024 20:16:38 INFO  epoch 71 training [time: 1.30s, train loss: 14.6920]
Sun 28 Apr 2024 20:16:39 INFO  epoch 71 evaluating [time: 0.74s, valid_score: 0.348000]
Sun 28 Apr 2024 20:16:39 INFO  valid result: 
recall@10 : 0.0973    mrr@10 : 0.348    ndcg@10 : 0.1489    hit@10 : 0.7174    precision@10 : 0.1336
Sun 28 Apr 2024 20:16:41 INFO  epoch 72 training [time: 1.28s, train loss: 14.4312]
Sun 28 Apr 2024 20:16:41 INFO  epoch 72 evaluating [time: 0.86s, valid_score: 0.348500]
Sun 28 Apr 2024 20:16:41 INFO  valid result: 
recall@10 : 0.0975    mrr@10 : 0.3485    ndcg@10 : 0.1492    hit@10 : 0.7209    precision@10 : 0.1336
Sun 28 Apr 2024 20:16:43 INFO  epoch 73 training [time: 1.44s, train loss: 14.4451]
Sun 28 Apr 2024 20:16:44 INFO  epoch 73 evaluating [time: 0.77s, valid_score: 0.347400]
Sun 28 Apr 2024 20:16:44 INFO  valid result: 
recall@10 : 0.0973    mrr@10 : 0.3474    ndcg@10 : 0.1488    hit@10 : 0.718    precision@10 : 0.1333
Sun 28 Apr 2024 20:16:45 INFO  epoch 74 training [time: 1.41s, train loss: 14.2794]
Sun 28 Apr 2024 20:16:46 INFO  epoch 74 evaluating [time: 0.84s, valid_score: 0.349300]
Sun 28 Apr 2024 20:16:46 INFO  valid result: 
recall@10 : 0.0974    mrr@10 : 0.3493    ndcg@10 : 0.1494    hit@10 : 0.7173    precision@10 : 0.1337
Sun 28 Apr 2024 20:16:47 INFO  epoch 75 training [time: 1.51s, train loss: 14.0591]
Sun 28 Apr 2024 20:16:48 INFO  epoch 75 evaluating [time: 0.75s, valid_score: 0.347700]
Sun 28 Apr 2024 20:16:48 INFO  valid result: 
recall@10 : 0.0971    mrr@10 : 0.3477    ndcg@10 : 0.1488    hit@10 : 0.7213    precision@10 : 0.1333
Sun 28 Apr 2024 20:16:49 INFO  epoch 76 training [time: 1.36s, train loss: 14.0132]
Sun 28 Apr 2024 20:16:50 INFO  epoch 76 evaluating [time: 0.77s, valid_score: 0.346500]
Sun 28 Apr 2024 20:16:50 INFO  valid result: 
recall@10 : 0.0974    mrr@10 : 0.3465    ndcg@10 : 0.1488    hit@10 : 0.7238    precision@10 : 0.1338
Sun 28 Apr 2024 20:16:52 INFO  epoch 77 training [time: 1.58s, train loss: 13.8091]
Sun 28 Apr 2024 20:16:53 INFO  epoch 77 evaluating [time: 0.77s, valid_score: 0.349100]
Sun 28 Apr 2024 20:16:53 INFO  valid result: 
recall@10 : 0.0984    mrr@10 : 0.3491    ndcg@10 : 0.1501    hit@10 : 0.7273    precision@10 : 0.1348
Sun 28 Apr 2024 20:16:54 INFO  epoch 78 training [time: 1.27s, train loss: 13.6060]
Sun 28 Apr 2024 20:16:55 INFO  epoch 78 evaluating [time: 0.76s, valid_score: 0.348500]
Sun 28 Apr 2024 20:16:55 INFO  valid result: 
recall@10 : 0.098    mrr@10 : 0.3485    ndcg@10 : 0.1497    hit@10 : 0.7213    precision@10 : 0.1346
Sun 28 Apr 2024 20:16:56 INFO  epoch 79 training [time: 1.24s, train loss: 13.5537]
Sun 28 Apr 2024 20:16:57 INFO  epoch 79 evaluating [time: 0.83s, valid_score: 0.345100]
Sun 28 Apr 2024 20:16:57 INFO  valid result: 
recall@10 : 0.0978    mrr@10 : 0.3451    ndcg@10 : 0.1492    hit@10 : 0.7198    precision@10 : 0.1343
Sun 28 Apr 2024 20:16:58 INFO  epoch 80 training [time: 1.49s, train loss: 13.3895]
Sun 28 Apr 2024 20:16:59 INFO  epoch 80 evaluating [time: 0.91s, valid_score: 0.350000]
Sun 28 Apr 2024 20:16:59 INFO  valid result: 
recall@10 : 0.0981    mrr@10 : 0.35    ndcg@10 : 0.1501    hit@10 : 0.7248    precision@10 : 0.1345
Sun 28 Apr 2024 20:16:59 INFO  Finished training, best eval result in epoch 69
Sun 28 Apr 2024 20:16:59 INFO  Loading model structure and parameters from saved/BPR-Apr-28-2024_20-14-01.pth
Sun 28 Apr 2024 20:17:01 INFO  The running environment of this training is as follows:
+-------------+----------------+
| Environment |     Usage      |
+=============+================+
| CPU         |    28.70 %     |
+-------------+----------------+
| GPU         |   0.0 / 0.0    |
+-------------+----------------+
| Memory      | 0.43 G/16.00 G |
+-------------+----------------+
Sun 28 Apr 2024 20:17:01 INFO  best valid : OrderedDict([('recall@10', 0.0963), ('mrr@10', 0.3509), ('ndcg@10', 0.1483), ('hit@10', 0.718), ('precision@10', 0.1324)])
Sun 28 Apr 2024 20:17:01 INFO  test result: OrderedDict([('recall@10', 0.1081), ('mrr@10', 0.4063), ('ndcg@10', 0.1747), ('hit@10', 0.7398), ('precision@10', 0.1502)])
