Mon 29 Apr 2024 21:15:03 INFO  ['spotify.py']
Mon 29 Apr 2024 21:15:03 INFO  
General Hyper Parameters:
gpu_id = 0
use_gpu = True
seed = 2020
state = INFO
reproducibility = True
data_path = dataset/kgrec-music
checkpoint_dir = saved
show_progress = True
save_dataset = False
dataset_save_path = None
save_dataloaders = False
dataloaders_save_path = None
log_wandb = False

Training Hyper Parameters:
epochs = 300
train_batch_size = 2048
learner = adam
learning_rate = 0.001
train_neg_sample_args = {'distribution': 'uniform', 'sample_num': 1, 'alpha': 1.0, 'dynamic': False, 'candidate_num': 0}
eval_step = 1
stopping_step = 10
clip_grad_norm = None
weight_decay = 0.0
loss_decimal_place = 4

Evaluation Hyper Parameters:
eval_args = {'split': {'RS': [0.8, 0.1, 0.1]}, 'order': 'RO', 'group_by': 'user', 'mode': {'valid': 'full', 'test': 'full'}}
repeatable = False
metrics = ['Recall', 'MRR', 'NDCG', 'Hit', 'Precision']
topk = [10]
valid_metric = MRR@10
valid_metric_bigger = True
eval_batch_size = 4096
metric_decimal_place = 4

Dataset Hyper Parameters:
field_separator = 	
seq_separator =  
USER_ID_FIELD = user_id
ITEM_ID_FIELD = item_id
RATING_FIELD = rating
TIME_FIELD = timestamp
seq_len = None
LABEL_FIELD = label
threshold = None
NEG_PREFIX = neg_
load_col = {'inter': ['user_id', 'item_id']}
unload_col = None
unused_col = None
additional_feat_suffix = None
rm_dup_inter = None
val_interval = None
filter_inter_by_user_or_item = True
user_inter_num_interval = [0,inf)
item_inter_num_interval = [0,inf)
alias_of_user_id = None
alias_of_item_id = None
alias_of_entity_id = None
alias_of_relation_id = None
preload_weight = None
normalize_field = None
normalize_all = None
ITEM_LIST_LENGTH_FIELD = item_length
LIST_SUFFIX = _list
MAX_ITEM_LIST_LENGTH = 50
POSITION_FIELD = position_id
HEAD_ENTITY_ID_FIELD = head_id
TAIL_ENTITY_ID_FIELD = tail_id
RELATION_ID_FIELD = relation_id
ENTITY_ID_FIELD = entity_id
benchmark_filename = None

Other Hyper Parameters: 
worker = 0
wandb_project = recbole
shuffle = True
require_pow = False
enable_amp = False
enable_scaler = False
transform = None
embedding_size = 64
numerical_features = []
discretization = None
kg_reverse_r = False
entity_kg_num_interval = [0,inf)
relation_kg_num_interval = [0,inf)
MODEL_TYPE = ModelType.GENERAL
MODEL_INPUT_TYPE = InputType.PAIRWISE
eval_type = EvaluatorType.RANKING
single_spec = True
local_rank = 0
device = cpu
valid_neg_sample_args = {'distribution': 'uniform', 'sample_num': 'none'}
test_neg_sample_args = {'distribution': 'uniform', 'sample_num': 'none'}


Mon 29 Apr 2024 21:15:03 INFO  kgrec-music
The number of users: 5200
Average actions of users: 144.55299095979996
The number of items: 8641
Average actions of items: 86.98275462962962
The number of inters: 751531
The sparsity of the dataset: 98.32744830103354%
Remain Fields: ['user_id', 'item_id']
Mon 29 Apr 2024 21:15:04 INFO  [Training]: train_batch_size = [2048] train_neg_sample_args: [{'distribution': 'uniform', 'sample_num': 1, 'alpha': 1.0, 'dynamic': False, 'candidate_num': 0}]
Mon 29 Apr 2024 21:15:04 INFO  [Evaluation]: eval_batch_size = [4096] eval_args: [{'split': {'RS': [0.8, 0.1, 0.1]}, 'order': 'RO', 'group_by': 'user', 'mode': {'valid': 'full', 'test': 'full'}}]
Mon 29 Apr 2024 21:15:04 INFO  BPR(
  (user_embedding): Embedding(5200, 64)
  (item_embedding): Embedding(8641, 64)
  (loss): BPRLoss()
)
Trainable parameters: 885824
Mon 29 Apr 2024 21:15:04 INFO  FLOPs: 128.0
Mon 29 Apr 2024 21:15:06 INFO  epoch 0 training [time: 1.28s, train loss: 201.9072]
Mon 29 Apr 2024 21:15:07 INFO  epoch 0 evaluating [time: 0.74s, valid_score: 0.132500]
Mon 29 Apr 2024 21:15:07 INFO  valid result: 
recall@10 : 0.0288    mrr@10 : 0.1325    ndcg@10 : 0.0477    hit@10 : 0.3014    precision@10 : 0.0412
Mon 29 Apr 2024 21:15:07 INFO  Saving current: saved/BPR-Apr-29-2024_21-15-04.pth
Mon 29 Apr 2024 21:15:08 INFO  epoch 1 training [time: 1.19s, train loss: 137.9416]
Mon 29 Apr 2024 21:15:09 INFO  epoch 1 evaluating [time: 0.78s, valid_score: 0.157300]
Mon 29 Apr 2024 21:15:09 INFO  valid result: 
recall@10 : 0.0351    mrr@10 : 0.1573    ndcg@10 : 0.0568    hit@10 : 0.3612    precision@10 : 0.0495
Mon 29 Apr 2024 21:15:09 INFO  Saving current: saved/BPR-Apr-29-2024_21-15-04.pth
Mon 29 Apr 2024 21:15:10 INFO  epoch 2 training [time: 1.25s, train loss: 102.2597]
Mon 29 Apr 2024 21:15:11 INFO  epoch 2 evaluating [time: 0.73s, valid_score: 0.184300]
Mon 29 Apr 2024 21:15:11 INFO  valid result: 
recall@10 : 0.0406    mrr@10 : 0.1843    ndcg@10 : 0.0664    hit@10 : 0.4126    precision@10 : 0.0576
Mon 29 Apr 2024 21:15:11 INFO  Saving current: saved/BPR-Apr-29-2024_21-15-04.pth
Mon 29 Apr 2024 21:15:12 INFO  epoch 3 training [time: 1.24s, train loss: 87.1771]
Mon 29 Apr 2024 21:15:13 INFO  epoch 3 evaluating [time: 0.74s, valid_score: 0.189800]
Mon 29 Apr 2024 21:15:13 INFO  valid result: 
recall@10 : 0.0444    mrr@10 : 0.1898    ndcg@10 : 0.0711    hit@10 : 0.4372    precision@10 : 0.063
Mon 29 Apr 2024 21:15:13 INFO  Saving current: saved/BPR-Apr-29-2024_21-15-04.pth
Mon 29 Apr 2024 21:15:14 INFO  epoch 4 training [time: 1.20s, train loss: 78.2166]
Mon 29 Apr 2024 21:15:15 INFO  epoch 4 evaluating [time: 0.74s, valid_score: 0.202800]
Mon 29 Apr 2024 21:15:15 INFO  valid result: 
recall@10 : 0.0466    mrr@10 : 0.2028    ndcg@10 : 0.0755    hit@10 : 0.4555    precision@10 : 0.0662
Mon 29 Apr 2024 21:15:15 INFO  Saving current: saved/BPR-Apr-29-2024_21-15-04.pth
Mon 29 Apr 2024 21:15:16 INFO  epoch 5 training [time: 1.22s, train loss: 71.7574]
Mon 29 Apr 2024 21:15:17 INFO  epoch 5 evaluating [time: 0.76s, valid_score: 0.205700]
Mon 29 Apr 2024 21:15:17 INFO  valid result: 
recall@10 : 0.05    mrr@10 : 0.2057    ndcg@10 : 0.0791    hit@10 : 0.4784    precision@10 : 0.0711
Mon 29 Apr 2024 21:15:17 INFO  Saving current: saved/BPR-Apr-29-2024_21-15-04.pth
Mon 29 Apr 2024 21:15:18 INFO  epoch 6 training [time: 1.32s, train loss: 66.5991]
Mon 29 Apr 2024 21:15:19 INFO  epoch 6 evaluating [time: 0.78s, valid_score: 0.216600]
Mon 29 Apr 2024 21:15:19 INFO  valid result: 
recall@10 : 0.0524    mrr@10 : 0.2166    ndcg@10 : 0.0833    hit@10 : 0.4945    precision@10 : 0.0747
Mon 29 Apr 2024 21:15:19 INFO  Saving current: saved/BPR-Apr-29-2024_21-15-04.pth
Mon 29 Apr 2024 21:15:20 INFO  epoch 7 training [time: 1.26s, train loss: 62.5006]
Mon 29 Apr 2024 21:15:21 INFO  epoch 7 evaluating [time: 0.72s, valid_score: 0.223100]
Mon 29 Apr 2024 21:15:21 INFO  valid result: 
recall@10 : 0.0541    mrr@10 : 0.2231    ndcg@10 : 0.0856    hit@10 : 0.5066    precision@10 : 0.0764
Mon 29 Apr 2024 21:15:21 INFO  Saving current: saved/BPR-Apr-29-2024_21-15-04.pth
Mon 29 Apr 2024 21:15:22 INFO  epoch 8 training [time: 1.26s, train loss: 59.1004]
Mon 29 Apr 2024 21:15:23 INFO  epoch 8 evaluating [time: 0.78s, valid_score: 0.227000]
Mon 29 Apr 2024 21:15:23 INFO  valid result: 
recall@10 : 0.0568    mrr@10 : 0.227    ndcg@10 : 0.0886    hit@10 : 0.5261    precision@10 : 0.0798
Mon 29 Apr 2024 21:15:23 INFO  Saving current: saved/BPR-Apr-29-2024_21-15-04.pth
Mon 29 Apr 2024 21:15:24 INFO  epoch 9 training [time: 1.26s, train loss: 55.9643]
Mon 29 Apr 2024 21:15:25 INFO  epoch 9 evaluating [time: 0.73s, valid_score: 0.234300]
Mon 29 Apr 2024 21:15:25 INFO  valid result: 
recall@10 : 0.0587    mrr@10 : 0.2343    ndcg@10 : 0.0918    hit@10 : 0.5305    precision@10 : 0.0824
Mon 29 Apr 2024 21:15:25 INFO  Saving current: saved/BPR-Apr-29-2024_21-15-04.pth
Mon 29 Apr 2024 21:15:26 INFO  epoch 10 training [time: 1.23s, train loss: 53.3462]
Mon 29 Apr 2024 21:15:27 INFO  epoch 10 evaluating [time: 0.76s, valid_score: 0.241500]
Mon 29 Apr 2024 21:15:27 INFO  valid result: 
recall@10 : 0.0613    mrr@10 : 0.2415    ndcg@10 : 0.0959    hit@10 : 0.5465    precision@10 : 0.0865
Mon 29 Apr 2024 21:15:27 INFO  Saving current: saved/BPR-Apr-29-2024_21-15-04.pth
Mon 29 Apr 2024 21:15:28 INFO  epoch 11 training [time: 1.26s, train loss: 51.2374]
Mon 29 Apr 2024 21:15:29 INFO  epoch 11 evaluating [time: 0.76s, valid_score: 0.246000]
Mon 29 Apr 2024 21:15:29 INFO  valid result: 
recall@10 : 0.0621    mrr@10 : 0.246    ndcg@10 : 0.0972    hit@10 : 0.5528    precision@10 : 0.0872
Mon 29 Apr 2024 21:15:29 INFO  Saving current: saved/BPR-Apr-29-2024_21-15-04.pth
Mon 29 Apr 2024 21:15:30 INFO  epoch 12 training [time: 1.20s, train loss: 48.8604]
Mon 29 Apr 2024 21:15:31 INFO  epoch 12 evaluating [time: 0.73s, valid_score: 0.251800]
Mon 29 Apr 2024 21:15:31 INFO  valid result: 
recall@10 : 0.064    mrr@10 : 0.2518    ndcg@10 : 0.1002    hit@10 : 0.5613    precision@10 : 0.0898
Mon 29 Apr 2024 21:15:31 INFO  Saving current: saved/BPR-Apr-29-2024_21-15-04.pth
Mon 29 Apr 2024 21:15:32 INFO  epoch 13 training [time: 1.24s, train loss: 47.1446]
Mon 29 Apr 2024 21:15:33 INFO  epoch 13 evaluating [time: 0.76s, valid_score: 0.259000]
Mon 29 Apr 2024 21:15:33 INFO  valid result: 
recall@10 : 0.0654    mrr@10 : 0.259    ndcg@10 : 0.1028    hit@10 : 0.5663    precision@10 : 0.0918
Mon 29 Apr 2024 21:15:33 INFO  Saving current: saved/BPR-Apr-29-2024_21-15-04.pth
Mon 29 Apr 2024 21:15:34 INFO  epoch 14 training [time: 1.26s, train loss: 45.4438]
Mon 29 Apr 2024 21:15:35 INFO  epoch 14 evaluating [time: 0.76s, valid_score: 0.259200]
Mon 29 Apr 2024 21:15:35 INFO  valid result: 
recall@10 : 0.0663    mrr@10 : 0.2592    ndcg@10 : 0.1038    hit@10 : 0.5713    precision@10 : 0.093
Mon 29 Apr 2024 21:15:35 INFO  Saving current: saved/BPR-Apr-29-2024_21-15-04.pth
Mon 29 Apr 2024 21:15:36 INFO  epoch 15 training [time: 1.23s, train loss: 43.9710]
Mon 29 Apr 2024 21:15:37 INFO  epoch 15 evaluating [time: 0.73s, valid_score: 0.263800]
Mon 29 Apr 2024 21:15:37 INFO  valid result: 
recall@10 : 0.0672    mrr@10 : 0.2638    ndcg@10 : 0.1052    hit@10 : 0.5797    precision@10 : 0.094
Mon 29 Apr 2024 21:15:37 INFO  Saving current: saved/BPR-Apr-29-2024_21-15-04.pth
Mon 29 Apr 2024 21:15:38 INFO  epoch 16 training [time: 1.20s, train loss: 42.5252]
Mon 29 Apr 2024 21:15:39 INFO  epoch 16 evaluating [time: 0.75s, valid_score: 0.270500]
Mon 29 Apr 2024 21:15:39 INFO  valid result: 
recall@10 : 0.0686    mrr@10 : 0.2705    ndcg@10 : 0.1076    hit@10 : 0.5868    precision@10 : 0.0958
Mon 29 Apr 2024 21:15:39 INFO  Saving current: saved/BPR-Apr-29-2024_21-15-04.pth
Mon 29 Apr 2024 21:15:40 INFO  epoch 17 training [time: 1.23s, train loss: 41.2983]
Mon 29 Apr 2024 21:15:41 INFO  epoch 17 evaluating [time: 0.74s, valid_score: 0.275300]
Mon 29 Apr 2024 21:15:41 INFO  valid result: 
recall@10 : 0.0703    mrr@10 : 0.2753    ndcg@10 : 0.1101    hit@10 : 0.6024    precision@10 : 0.0984
Mon 29 Apr 2024 21:15:41 INFO  Saving current: saved/BPR-Apr-29-2024_21-15-04.pth
Mon 29 Apr 2024 21:15:42 INFO  epoch 18 training [time: 1.20s, train loss: 39.9975]
Mon 29 Apr 2024 21:15:43 INFO  epoch 18 evaluating [time: 0.72s, valid_score: 0.277200]
Mon 29 Apr 2024 21:15:43 INFO  valid result: 
recall@10 : 0.0719    mrr@10 : 0.2772    ndcg@10 : 0.112    hit@10 : 0.6038    precision@10 : 0.1003
Mon 29 Apr 2024 21:15:43 INFO  Saving current: saved/BPR-Apr-29-2024_21-15-04.pth
Mon 29 Apr 2024 21:15:44 INFO  epoch 19 training [time: 1.25s, train loss: 38.4942]
Mon 29 Apr 2024 21:15:45 INFO  epoch 19 evaluating [time: 0.75s, valid_score: 0.279200]
Mon 29 Apr 2024 21:15:45 INFO  valid result: 
recall@10 : 0.0721    mrr@10 : 0.2792    ndcg@10 : 0.1127    hit@10 : 0.6018    precision@10 : 0.1005
Mon 29 Apr 2024 21:15:45 INFO  Saving current: saved/BPR-Apr-29-2024_21-15-04.pth
Mon 29 Apr 2024 21:15:46 INFO  epoch 20 training [time: 1.23s, train loss: 37.6209]
Mon 29 Apr 2024 21:15:47 INFO  epoch 20 evaluating [time: 0.76s, valid_score: 0.278400]
Mon 29 Apr 2024 21:15:47 INFO  valid result: 
recall@10 : 0.0727    mrr@10 : 0.2784    ndcg@10 : 0.1133    hit@10 : 0.6053    precision@10 : 0.1015
Mon 29 Apr 2024 21:15:48 INFO  epoch 21 training [time: 1.24s, train loss: 36.5358]
Mon 29 Apr 2024 21:15:49 INFO  epoch 21 evaluating [time: 0.75s, valid_score: 0.285500]
Mon 29 Apr 2024 21:15:49 INFO  valid result: 
recall@10 : 0.0743    mrr@10 : 0.2855    ndcg@10 : 0.116    hit@10 : 0.6142    precision@10 : 0.1036
Mon 29 Apr 2024 21:15:49 INFO  Saving current: saved/BPR-Apr-29-2024_21-15-04.pth
Mon 29 Apr 2024 21:15:50 INFO  epoch 22 training [time: 1.26s, train loss: 35.5637]
Mon 29 Apr 2024 21:15:51 INFO  epoch 22 evaluating [time: 0.74s, valid_score: 0.287200]
Mon 29 Apr 2024 21:15:51 INFO  valid result: 
recall@10 : 0.0748    mrr@10 : 0.2872    ndcg@10 : 0.1166    hit@10 : 0.6157    precision@10 : 0.1042
Mon 29 Apr 2024 21:15:51 INFO  Saving current: saved/BPR-Apr-29-2024_21-15-04.pth
Mon 29 Apr 2024 21:15:52 INFO  epoch 23 training [time: 1.24s, train loss: 34.5330]
Mon 29 Apr 2024 21:15:53 INFO  epoch 23 evaluating [time: 0.75s, valid_score: 0.288100]
Mon 29 Apr 2024 21:15:53 INFO  valid result: 
recall@10 : 0.0755    mrr@10 : 0.2881    ndcg@10 : 0.1177    hit@10 : 0.622    precision@10 : 0.1053
Mon 29 Apr 2024 21:15:53 INFO  Saving current: saved/BPR-Apr-29-2024_21-15-04.pth
Mon 29 Apr 2024 21:15:54 INFO  epoch 24 training [time: 1.24s, train loss: 33.6388]
Mon 29 Apr 2024 21:15:55 INFO  epoch 24 evaluating [time: 0.73s, valid_score: 0.288000]
Mon 29 Apr 2024 21:15:55 INFO  valid result: 
recall@10 : 0.0767    mrr@10 : 0.288    ndcg@10 : 0.1187    hit@10 : 0.6232    precision@10 : 0.1069
Mon 29 Apr 2024 21:15:56 INFO  epoch 25 training [time: 1.23s, train loss: 32.8247]
Mon 29 Apr 2024 21:15:57 INFO  epoch 25 evaluating [time: 0.71s, valid_score: 0.290700]
Mon 29 Apr 2024 21:15:57 INFO  valid result: 
recall@10 : 0.0779    mrr@10 : 0.2907    ndcg@10 : 0.1204    hit@10 : 0.6309    precision@10 : 0.1086
Mon 29 Apr 2024 21:15:57 INFO  Saving current: saved/BPR-Apr-29-2024_21-15-04.pth
Mon 29 Apr 2024 21:15:58 INFO  epoch 26 training [time: 1.25s, train loss: 32.1325]
Mon 29 Apr 2024 21:15:59 INFO  epoch 26 evaluating [time: 0.73s, valid_score: 0.293400]
Mon 29 Apr 2024 21:15:59 INFO  valid result: 
recall@10 : 0.0785    mrr@10 : 0.2934    ndcg@10 : 0.1215    hit@10 : 0.6344    precision@10 : 0.1093
Mon 29 Apr 2024 21:15:59 INFO  Saving current: saved/BPR-Apr-29-2024_21-15-04.pth
Mon 29 Apr 2024 21:16:00 INFO  epoch 27 training [time: 1.26s, train loss: 31.0688]
Mon 29 Apr 2024 21:16:01 INFO  epoch 27 evaluating [time: 0.74s, valid_score: 0.296500]
Mon 29 Apr 2024 21:16:01 INFO  valid result: 
recall@10 : 0.0794    mrr@10 : 0.2965    ndcg@10 : 0.123    hit@10 : 0.6369    precision@10 : 0.1103
Mon 29 Apr 2024 21:16:01 INFO  Saving current: saved/BPR-Apr-29-2024_21-15-04.pth
Mon 29 Apr 2024 21:16:02 INFO  epoch 28 training [time: 1.32s, train loss: 30.4727]
Mon 29 Apr 2024 21:16:03 INFO  epoch 28 evaluating [time: 0.76s, valid_score: 0.302400]
Mon 29 Apr 2024 21:16:03 INFO  valid result: 
recall@10 : 0.0812    mrr@10 : 0.3024    ndcg@10 : 0.1254    hit@10 : 0.6453    precision@10 : 0.1127
Mon 29 Apr 2024 21:16:03 INFO  Saving current: saved/BPR-Apr-29-2024_21-15-04.pth
Mon 29 Apr 2024 21:16:04 INFO  epoch 29 training [time: 1.30s, train loss: 29.8496]
Mon 29 Apr 2024 21:16:05 INFO  epoch 29 evaluating [time: 0.72s, valid_score: 0.308500]
Mon 29 Apr 2024 21:16:05 INFO  valid result: 
recall@10 : 0.0818    mrr@10 : 0.3085    ndcg@10 : 0.1272    hit@10 : 0.6509    precision@10 : 0.1135
Mon 29 Apr 2024 21:16:05 INFO  Saving current: saved/BPR-Apr-29-2024_21-15-04.pth
Mon 29 Apr 2024 21:16:06 INFO  epoch 30 training [time: 1.36s, train loss: 29.0160]
Mon 29 Apr 2024 21:16:07 INFO  epoch 30 evaluating [time: 0.75s, valid_score: 0.308500]
Mon 29 Apr 2024 21:16:07 INFO  valid result: 
recall@10 : 0.0824    mrr@10 : 0.3085    ndcg@10 : 0.1278    hit@10 : 0.6549    precision@10 : 0.1143
Mon 29 Apr 2024 21:16:07 INFO  Saving current: saved/BPR-Apr-29-2024_21-15-04.pth
Mon 29 Apr 2024 21:16:08 INFO  epoch 31 training [time: 1.30s, train loss: 28.4106]
Mon 29 Apr 2024 21:16:09 INFO  epoch 31 evaluating [time: 0.76s, valid_score: 0.309500]
Mon 29 Apr 2024 21:16:09 INFO  valid result: 
recall@10 : 0.084    mrr@10 : 0.3095    ndcg@10 : 0.1292    hit@10 : 0.6599    precision@10 : 0.1161
Mon 29 Apr 2024 21:16:09 INFO  Saving current: saved/BPR-Apr-29-2024_21-15-04.pth
Mon 29 Apr 2024 21:16:10 INFO  epoch 32 training [time: 1.40s, train loss: 27.8950]
Mon 29 Apr 2024 21:16:11 INFO  epoch 32 evaluating [time: 0.72s, valid_score: 0.311200]
Mon 29 Apr 2024 21:16:11 INFO  valid result: 
recall@10 : 0.0842    mrr@10 : 0.3112    ndcg@10 : 0.1299    hit@10 : 0.6624    precision@10 : 0.1165
Mon 29 Apr 2024 21:16:11 INFO  Saving current: saved/BPR-Apr-29-2024_21-15-04.pth
Mon 29 Apr 2024 21:16:13 INFO  epoch 33 training [time: 1.41s, train loss: 27.2864]
Mon 29 Apr 2024 21:16:13 INFO  epoch 33 evaluating [time: 0.75s, valid_score: 0.311500]
Mon 29 Apr 2024 21:16:13 INFO  valid result: 
recall@10 : 0.0843    mrr@10 : 0.3115    ndcg@10 : 0.1301    hit@10 : 0.6653    precision@10 : 0.1167
Mon 29 Apr 2024 21:16:13 INFO  Saving current: saved/BPR-Apr-29-2024_21-15-04.pth
Mon 29 Apr 2024 21:16:15 INFO  epoch 34 training [time: 1.38s, train loss: 26.4594]
Mon 29 Apr 2024 21:16:16 INFO  epoch 34 evaluating [time: 0.76s, valid_score: 0.313400]
Mon 29 Apr 2024 21:16:16 INFO  valid result: 
recall@10 : 0.0859    mrr@10 : 0.3134    ndcg@10 : 0.1319    hit@10 : 0.6701    precision@10 : 0.119
Mon 29 Apr 2024 21:16:16 INFO  Saving current: saved/BPR-Apr-29-2024_21-15-04.pth
Mon 29 Apr 2024 21:16:17 INFO  epoch 35 training [time: 1.33s, train loss: 25.8058]
Mon 29 Apr 2024 21:16:18 INFO  epoch 35 evaluating [time: 0.74s, valid_score: 0.313700]
Mon 29 Apr 2024 21:16:18 INFO  valid result: 
recall@10 : 0.0856    mrr@10 : 0.3137    ndcg@10 : 0.132    hit@10 : 0.6665    precision@10 : 0.1188
Mon 29 Apr 2024 21:16:18 INFO  Saving current: saved/BPR-Apr-29-2024_21-15-04.pth
Mon 29 Apr 2024 21:16:19 INFO  epoch 36 training [time: 1.27s, train loss: 25.2254]
Mon 29 Apr 2024 21:16:20 INFO  epoch 36 evaluating [time: 0.76s, valid_score: 0.314500]
Mon 29 Apr 2024 21:16:20 INFO  valid result: 
recall@10 : 0.086    mrr@10 : 0.3145    ndcg@10 : 0.1326    hit@10 : 0.6647    precision@10 : 0.1194
Mon 29 Apr 2024 21:16:20 INFO  Saving current: saved/BPR-Apr-29-2024_21-15-04.pth
Mon 29 Apr 2024 21:16:21 INFO  epoch 37 training [time: 1.33s, train loss: 24.8821]
Mon 29 Apr 2024 21:16:22 INFO  epoch 37 evaluating [time: 0.76s, valid_score: 0.316300]
Mon 29 Apr 2024 21:16:22 INFO  valid result: 
recall@10 : 0.0868    mrr@10 : 0.3163    ndcg@10 : 0.1337    hit@10 : 0.668    precision@10 : 0.1205
Mon 29 Apr 2024 21:16:22 INFO  Saving current: saved/BPR-Apr-29-2024_21-15-04.pth
Mon 29 Apr 2024 21:16:23 INFO  epoch 38 training [time: 1.33s, train loss: 24.2403]
Mon 29 Apr 2024 21:16:24 INFO  epoch 38 evaluating [time: 0.79s, valid_score: 0.321300]
Mon 29 Apr 2024 21:16:24 INFO  valid result: 
recall@10 : 0.0873    mrr@10 : 0.3213    ndcg@10 : 0.135    hit@10 : 0.6711    precision@10 : 0.1212
Mon 29 Apr 2024 21:16:24 INFO  Saving current: saved/BPR-Apr-29-2024_21-15-04.pth
Mon 29 Apr 2024 21:16:25 INFO  epoch 39 training [time: 1.42s, train loss: 23.6381]
Mon 29 Apr 2024 21:16:26 INFO  epoch 39 evaluating [time: 0.77s, valid_score: 0.321500]
Mon 29 Apr 2024 21:16:26 INFO  valid result: 
recall@10 : 0.0871    mrr@10 : 0.3215    ndcg@10 : 0.1346    hit@10 : 0.6755    precision@10 : 0.1208
Mon 29 Apr 2024 21:16:26 INFO  Saving current: saved/BPR-Apr-29-2024_21-15-04.pth
